<?xml version="1.0" encoding="UTF-8"?>
<testng-results skipped="0" failed="0" ignored="0" total="1" passed="1">
  <reporter-output>
  </reporter-output>
  <suite name="Default suite" duration-ms="5850" started-at="2019-04-20T22:18:54Z" finished-at="2019-04-20T22:19:00Z">
    <groups>
    </groups>
    <test name="Default test" duration-ms="5850" started-at="2019-04-20T22:18:54Z" finished-at="2019-04-20T22:19:00Z">
      <class name="com.io.Twitter_login">
        <test-method status="PASS" signature="testResourcesFirst()[pri:0, instance:com.io.Twitter_login@3abbfa04]" name="testResourcesFirst" duration-ms="5797" started-at="2019-04-20T22:18:54Z" finished-at="2019-04-20T22:19:00Z">
          <reporter-output>
          </reporter-output>
        </test-method> <!-- testResourcesFirst -->
      </class> <!-- com.io.Twitter_login -->
    </test> <!-- Default test -->
  </suite> <!-- Default suite -->
</testng-results>
