<?xml version="1.0" encoding="UTF-8"?>
<testng-results skipped="0" failed="0" ignored="0" total="1" passed="1">
  <reporter-output>
  </reporter-output>
  <suite name="theSuite" duration-ms="3721" started-at="2019-04-20T22:40:02Z" finished-at="2019-04-20T22:40:06Z">
    <groups>
    </groups>
    <test name="com.sai" duration-ms="3721" started-at="2019-04-20T22:40:02Z" finished-at="2019-04-20T22:40:06Z">
      <class name="com.sai.Twitter_test">
        <test-method status="PASS" signature="testResourcesFirst()[pri:0, instance:com.sai.Twitter_test@2cb4c3ab]" name="testResourcesFirst" duration-ms="3671" started-at="2019-04-20T22:40:02Z" finished-at="2019-04-20T22:40:06Z">
          <reporter-output>
          </reporter-output>
        </test-method> <!-- testResourcesFirst -->
      </class> <!-- com.sai.Twitter_test -->
    </test> <!-- com.sai -->
  </suite> <!-- theSuite -->
</testng-results>
