-------------------------------------------------------------------------------
Test set: TestSuite
-------------------------------------------------------------------------------
Tests run: 4, Failures: 1, Errors: 0, Skipped: 0, Time elapsed: 10.342 s <<< FAILURE! - in TestSuite
testCRUDOperationsAllTogether(all_tests.MathUnitsTest)  Time elapsed: 7.785 s  <<< FAILURE!
java.lang.AssertionError: 
1 expectation failed.
Expected status code <200> doesn't match actual status code <403>.

	at all_tests.MathUnitsTest.create(MathUnitsTest.java:57)
	at all_tests.MathUnitsTest.testCRUDOperationsAllTogether(MathUnitsTest.java:41)

