<?xml version="1.0" encoding="UTF-8"?>
<testng-results skipped="0" failed="0" ignored="0" total="1" passed="1">
  <reporter-output>
  </reporter-output>
  <suite name="Default suite" duration-ms="4099" started-at="2019-04-20T22:34:25Z" finished-at="2019-04-20T22:34:29Z">
    <groups>
    </groups>
    <test name="Default test" duration-ms="4099" started-at="2019-04-20T22:34:25Z" finished-at="2019-04-20T22:34:29Z">
      <class name="com.sai.Twitter_test">
        <test-method status="PASS" signature="testResourcesFirst()[pri:0, instance:com.sai.Twitter_test@4667ae56]" name="testResourcesFirst" duration-ms="4046" started-at="2019-04-20T22:34:25Z" finished-at="2019-04-20T22:34:29Z">
          <reporter-output>
          </reporter-output>
        </test-method> <!-- testResourcesFirst -->
      </class> <!-- com.sai.Twitter_test -->
    </test> <!-- Default test -->
  </suite> <!-- Default suite -->
</testng-results>
