<?xml version="1.0" encoding="UTF-8"?>
<testng-results skipped="0" failed="1" ignored="0" total="1" passed="0">
  <reporter-output>
  </reporter-output>
  <suite name="Default suite" duration-ms="969" started-at="2019-04-21T02:01:11Z" finished-at="2019-04-21T02:01:12Z">
    <groups>
    </groups>
    <test name="Default test" duration-ms="969" started-at="2019-04-21T02:01:11Z" finished-at="2019-04-21T02:01:12Z">
      <class name="com.sai.Twt_first_test">
        <test-method status="FAIL" signature="FirstTest()[pri:0, instance:com.sai.Twt_first_test@7d9d1a19]" name="FirstTest" duration-ms="906" started-at="2019-04-21T02:01:11Z" finished-at="2019-04-21T02:01:12Z">
          <exception class="java.lang.ClassCastException">
            <message>
              <![CDATA[io.restassured.authentication.OAuthScheme cannot be cast to io.restassured.specification.AuthenticationSpecification]]>
            </message>
            <full-stacktrace>
              <![CDATA[java.lang.ClassCastException: io.restassured.authentication.OAuthScheme cannot be cast to io.restassured.specification.AuthenticationSpecification
at com.sai.Twitter_test.gettingRecSpecs(Twitter_test.java:96)
at com.sai.Twt_first_test.FirstTest(Twt_first_test.java:24)
at sun.reflect.NativeMethodAccessorImpl.invoke0(Native Method)
at sun.reflect.NativeMethodAccessorImpl.invoke(Unknown Source)
at sun.reflect.DelegatingMethodAccessorImpl.invoke(Unknown Source)
at java.lang.reflect.Method.invoke(Unknown Source)
at org.testng.internal.MethodInvocationHelper.invokeMethod(MethodInvocationHelper.java:124)
at org.testng.internal.Invoker.invokeMethod(Invoker.java:583)
at org.testng.internal.Invoker.invokeTestMethod(Invoker.java:719)
at org.testng.internal.Invoker.invokeTestMethods(Invoker.java:989)
at org.testng.internal.TestMethodWorker.invokeTestMethods(TestMethodWorker.java:125)
at org.testng.internal.TestMethodWorker.run(TestMethodWorker.java:109)
at org.testng.TestRunner.privateRun(TestRunner.java:648)
at org.testng.TestRunner.run(TestRunner.java:505)
at org.testng.SuiteRunner.runTest(SuiteRunner.java:455)
at org.testng.SuiteRunner.runSequentially(SuiteRunner.java:450)
at org.testng.SuiteRunner.privateRun(SuiteRunner.java:415)
at org.testng.SuiteRunner.run(SuiteRunner.java:364)
at org.testng.SuiteRunnerWorker.runSuite(SuiteRunnerWorker.java:52)
at org.testng.SuiteRunnerWorker.run(SuiteRunnerWorker.java:84)
at org.testng.TestNG.runSuitesSequentially(TestNG.java:1208)
at org.testng.TestNG.runSuitesLocally(TestNG.java:1137)
at org.testng.TestNG.runSuites(TestNG.java:1049)
at org.testng.TestNG.run(TestNG.java:1017)
at org.testng.remote.AbstractRemoteTestNG.run(AbstractRemoteTestNG.java:115)
at org.testng.remote.RemoteTestNG.initAndRun(RemoteTestNG.java:251)
at org.testng.remote.RemoteTestNG.main(RemoteTestNG.java:77)
]]>
            </full-stacktrace>
          </exception> <!-- java.lang.ClassCastException -->
          <reporter-output>
          </reporter-output>
        </test-method> <!-- FirstTest -->
      </class> <!-- com.sai.Twt_first_test -->
    </test> <!-- Default test -->
  </suite> <!-- Default suite -->
</testng-results>
